<?xml version="1.0" encoding="UTF-8"?>
<!-- Generated by org.testng.reporters.JUnitReportReporter -->
<testsuite hostname="LAPTOP-2S8BC3KU" failures="0" tests="1" name="obsqura.MartSuperMarket.FileDownload" time="4.241" errors="0" timestamp="2023-06-05T16:39:21 IST" skipped="0">
  <testcase classname="obsqura.MartSuperMarket.FileDownload" name="fileDownload" time="4.241"/>
  <system-out/>
</testsuite> <!-- obsqura.MartSuperMarket.FileDownload -->
